SUCCESS!
2017-10-27 at 03:04:12 Generate AppaAppsPhotoApp version 20171021-222

2017-10-27 at 03:04:15 Step: parseSource
2017-10-27 at 03:04:15 Good source file!
2017-10-27 at 03:04:15 Step: loadAssets
2017-10-27 at 03:04:16 Step: multiplyPhotosByFacts
2017-10-27 at 03:04:16 Step: genJavaManifest
2017-10-27 at 03:04:16 Step: genJsonManifest
2017-10-27 at 03:04:16 Step: genGameHtml
2017-10-27 at 03:04:16 Step: genHtmlAssets
2017-10-27 at 03:04:16 Step: zipAssets
2017-10-27 at 03:04:17 Step: compileApp
2017-10-27 at 03:04:21 Step: copyLinksToGitHub
2017-10-27 at 03:04:25 Step: copyFilesIntoPositionOnWebServer
--------------------------------------------------------------------------------
do {
  my $a = bless({
    android => bless({
      action        => "run",
      activity      => "Activity",
      buildFolder   => "/tmp/AppaAppsPhotoApp/build/",
      buildTools    => "/home/phil/Android/sdk/build-tools/25.0.2/",
      debug         => 0,
      device        => "emulator-5554",
      home          => "/home/phil/AppaAppsPhotoApp/",
      icon          => "/tmp/AppaAppsPhotoApp/cache/images/7548378?v=4",
      keyAlias      => "genApp",
      keyStoreFile  => "/home/phil/AppaAppsPhotoApp/keys/genApp.keystore",
      keyStorePwd   => "genApp",
      libs          => [],
      log           => [
                         "",
                         "",
                         "libpng error: Read Error\nCrunching PNG Files in source dir: /tmp/AppaAppsPhotoApp/build/res/\nTo destination dir: /tmp/AppaAppsPhotoApp/build/bin//tmp/AppaAppsPhotoApp/build/res",
                         "",
                         "",
                         "Enter Passphrase for keystore: jar signed.\n\nWarning: \nNo -tsa or -tsacert is provided and this jar is not timestamped. Without a timestamp, users may not be able to validate this jar after the signer certificate's expiration date (2044-09-10) or after any future revocation date.",
                         "\njar verified.\n\nWarning: \nThis jar contains entries whose certificate chain is not validated.\nThis jar contains signatures that does not include a timestamp. Without a timestamp, users may not be able to validate this jar after the signer certificate's expiration date (2044-09-10) or after any future revocation date.\n\nRe-run with the -verbose and -certs options for more details.",
                         "Success",
                         "Starting: Intent { act=android.intent.action.MAIN cat=[android.intent.category.LAUNCHER] cmp=com.appaapps.photoapp.teamperl/.Activity }",
                       ],
      package       => "com.appaapps.photoapp.teamperl",
      parameters    => "philiprbrenan,TeamPerl,http://www.appaapps.com/users/philiprbrenan/TeamPerl/zip/teamperl.zip",
      permissions   => [
                         "INTERNET",
                         "ACCESS_WIFI_STATE",
                         "ACCESS_NETWORK_STATE",
                         "WRITE_EXTERNAL_STORAGE",
                         "READ_EXTERNAL_STORAGE",
                         "RECEIVE_BOOT_COMPLETED",
                         "READ_CONTACTS",
                       ],
      platform      => "/home/phil/Android/sdk/platforms/android-25/",
      platformTools => "/home/phil/Android/sdk/platform-tools/",
      sdkLevels     => [15, 25],
      src           => [
                         "/home/phil/z/java/appState/AppState.java",
                         "/home/phil/z/java/choices/Choices.java",
                         "/home/phil/z/java/coloursTransformed/ColoursTransformed.java",
                         "/home/phil/z/java/download/File.java",
                         "/home/phil/z/java/email/Email.java",
                         "/home/phil/z/java/fourier/Fourier.java",
                         "/home/phil/z/java/gradients/Gradients.java",
                         "/home/phil/z/java/download/Url.java",
                         "/home/phil/z/java/log/Log.java",
                         "/home/phil/z/java/maths/Maths.java",
                         "/home/phil/z/java/randomChoice/RandomChoice.java",
                         "/home/phil/z/java/save/Save.java",
                         "/home/phil/z/java/sound/Midi.java",
                         "/home/phil/z/java/sound/Sound.java",
                         "/home/phil/z/java/sound/Speech.java",
                         "/home/phil/z/java/svg/Svg.java",
                         "/home/phil/z/java/unpackappdescription/Unpackappdescription.java",
                         "/home/phil/z/java/unzip/Unzip.java",
                       ],
      title         => "Learning Perl on GitHub",
      version       => 20171027,
    }, "Android::Build"),
    app => bless({
      cmd => "app",
      end => 5,
      index => 0,
      name => "teamperl",
      parsedKeys => bless({
        author    => "philiprbrenan",
        cmd       => "app",
        email     => "philiprbrenan\@gmail.com",
        icon      => "https://avatars1.githubusercontent.com/u/7548378?v=4",
        language  => "en",
        maximages => 6,
        name      => "teamperl",
        speakers  => "Amy Brian Emma Geraint Ivy Joanna Joey Justin Kendra Kimberly Nicole Raveena Russell Salli",
        title     => "Learning Perl on GitHub",
      }, "ParsedKeys"),
      start => 1,
      title => "Learning Perl on GitHub",
      titleFile => undef,
    }, "ParsedCmd"),
    error => undef,
    iconFile => "/tmp/AppaAppsPhotoApp/cache/images/7548378?v=4",
    log => [
      "2017-10-27 at 03:04:12 Generate AppaAppsPhotoApp version 20171021-222\n",
      "2017-10-27 at 03:04:15 Step: parseSource",
      "2017-10-27 at 03:04:15 Good source file!",
      "2017-10-27 at 03:04:15 Step: loadAssets",
      "2017-10-27 at 03:04:16 Step: multiplyPhotosByFacts",
      "2017-10-27 at 03:04:16 Step: genJavaManifest",
      "2017-10-27 at 03:04:16 Step: genJsonManifest",
      "2017-10-27 at 03:04:16 Step: genGameHtml",
      "2017-10-27 at 03:04:16 Step: genHtmlAssets",
      "2017-10-27 at 03:04:16 Step: zipAssets",
      "2017-10-27 at 03:04:17 Step: compileApp",
      "2017-10-27 at 03:04:21 Step: copyLinksToGitHub",
      "2017-10-27 at 03:04:25 Step: copyFilesIntoPositionOnWebServer",
    ],
    parsedCmds => [
      'fix',
      bless({
        cmd => "photo",
        end => 10,
        index => 0,
        name => "array",
        parsedKeys => bless({
          cmd       => "photo",
          height    => 1893,
          name      => "array",
          title     => "Array",
          titleFile => "Array",
          url       => "https://raw.githubusercontent.com/philiprbrenan/TeamPerl/master/images/array1.jpg",
          width     => 1889,
        }, "ParsedKeys"),
        start => 9,
        title => "Array",
        titleFile => "Array",
      }, "ParsedCmd"),
      bless({
        cmd => "fact",
        end => 12,
        index => 0,
        name => "array",
        parsedKeys => bless({ cmd => "fact", name => "array", title => "At sign", titleFile => "Atsign" }, "ParsedKeys"),
        start => 12,
        title => "At sign",
        titleFile => "Atsign",
      }, "ParsedCmd"),
      bless({
        cmd => "fact",
        end => 13,
        index => 1,
        name => "array",
        parsedKeys => bless({
          cmd => "fact",
          name => "array",
          title => "Square brackets",
          titleFile => "Squarebrackets",
        }, "ParsedKeys"),
        start => 13,
        title => "Square brackets",
        titleFile => "Squarebrackets",
      }, "ParsedCmd"),
      bless({
        cmd => "fact",
        end => 14,
        index => 2,
        name => "array",
        parsedKeys => bless({
          cmd => "fact",
          name => "array",
          title => "Integer keys",
          titleFile => "Integerkeys",
        }, "ParsedKeys"),
        start => 14,
        title => "Integer keys",
        titleFile => "Integerkeys",
      }, "ParsedCmd"),
      bless({
        cmd => "fact",
        end => 15,
        index => 3,
        name => "array",
        parsedKeys => bless({
          cmd => "fact",
          name => "array",
          title => "Ordered keys",
          titleFile => "Orderedkeys",
        }, "ParsedKeys"),
        start => 15,
        title => "Ordered keys",
        titleFile => "Orderedkeys",
      }, "ParsedCmd"),
      bless({
        cmd => "fact",
        end => 16,
        index => 4,
        name => "array",
        parsedKeys => bless({
          cmd => "fact",
          name => "array",
          title => "Faster than hashes",
          titleFile => "Fasterthanhashes",
        }, "ParsedKeys"),
        start => 16,
        title => "Faster than hashes",
        titleFile => "Fasterthanhashes",
      }, "ParsedCmd"),
      bless({
        cmd => "fact",
        end => 17,
        index => 5,
        name => "array",
        parsedKeys => bless({
          cmd => "fact",
          name => "array",
          title => "Slower than scalars",
          titleFile => "Slowerthanscalars",
        }, "ParsedKeys"),
        start => 17,
        title => "Slower than scalars",
        titleFile => "Slowerthanscalars",
      }, "ParsedCmd"),
      bless({
        cmd => "fact",
        end => 18,
        index => 6,
        name => "array",
        parsedKeys => bless({
          cmd => "fact",
          name => "array",
          title => "Count up from zero",
          titleFile => "Countupfromzero",
        }, "ParsedKeys"),
        start => 18,
        title => "Count up from zero",
        titleFile => "Countupfromzero",
      }, "ParsedCmd"),
      bless({
        cmd => "fact",
        end => 19,
        index => 7,
        name => "array",
        parsedKeys => bless({
          cmd => "fact",
          name => "array",
          title => "Count down from minus one",
          titleFile => "Countdownfromminusone",
        }, "ParsedKeys"),
        start => 19,
        title => "Count down from minus one",
        titleFile => "Countdownfromminusone",
      }, "ParsedCmd"),
      bless({
        cmd => "fact",
        end => 20,
        index => 8,
        name => "array",
        parsedKeys => bless({
          cmd => "fact",
          name => "array",
          title => "Scalar gives number of elements",
          titleFile => "Scalargivesnumberofelements",
        }, "ParsedKeys"),
        start => 20,
        title => "Scalar gives number of elements",
        titleFile => "Scalargivesnumberofelements",
      }, "ParsedCmd"),
      bless({
        cmd => "fact",
        end => 21,
        index => 9,
        name => "array",
        parsedKeys => bless({
          cmd => "fact",
          name => "array",
          title => "Grows automatically",
          titleFile => "Growsautomatically",
        }, "ParsedKeys"),
        start => 21,
        title => "Grows automatically",
        titleFile => "Growsautomatically",
      }, "ParsedCmd"),
      bless({
        cmd => "fact",
        end => 22,
        index => 10,
        name => "array",
        parsedKeys => bless({ cmd => "fact", name => "array", title => "Push", titleFile => "Push" }, "ParsedKeys"),
        start => 22,
        title => "Push",
        titleFile => "Push",
      }, "ParsedCmd"),
      bless({
        cmd => "fact",
        end => 23,
        index => 11,
        name => "array",
        parsedKeys => bless({ cmd => "fact", name => "array", title => "Pop", titleFile => "Pop" }, "ParsedKeys"),
        start => 23,
        title => "Pop",
        titleFile => "Pop",
      }, "ParsedCmd"),
      bless({
        cmd => "fact",
        end => 24,
        index => 12,
        name => "array",
        parsedKeys => bless({ cmd => "fact", name => "array", title => "Shift", titleFile => "Shift" }, "ParsedKeys"),
        start => 24,
        title => "Shift",
        titleFile => "Shift",
      }, "ParsedCmd"),
      bless({
        cmd => "fact",
        end => 25,
        index => 13,
        name => "array",
        parsedKeys => bless({ cmd => "fact", name => "array", title => "Unshift", titleFile => "Unshift" }, "ParsedKeys"),
        start => 25,
        title => "Unshift",
        titleFile => "Unshift",
      }, "ParsedCmd"),
      bless({
        cmd => "photo",
        end => 29,
        index => 1,
        name => "array",
        parsedKeys => bless({
          cmd       => "photo",
          height    => 683,
          name      => "array",
          title     => "Array",
          titleFile => "Array1",
          url       => "https://raw.githubusercontent.com/philiprbrenan/TeamPerl/master/images/array2.png",
          width     => 1024,
        }, "ParsedKeys"),
        start => 28,
        title => "Array",
        titleFile => "Array1",
      }, "ParsedCmd"),
      bless({
        cmd => "photo",
        end => 33,
        index => 2,
        name => "array",
        parsedKeys => bless({
          cmd       => "photo",
          height    => 480,
          name      => "array",
          title     => "Array",
          titleFile => "Array2",
          url       => "https://raw.githubusercontent.com/philiprbrenan/TeamPerl/master/images/array3.jpg",
          width     => 640,
        }, "ParsedKeys"),
        start => 32,
        title => "Array",
        titleFile => "Array2",
      }, "ParsedCmd"),
      bless({
        cmd => "photo",
        end => 37,
        index => 3,
        name => "array",
        parsedKeys => bless({
          cmd       => "photo",
          height    => 480,
          name      => "array",
          title     => "Array",
          titleFile => "Array3",
          url       => "https://raw.githubusercontent.com/philiprbrenan/TeamPerl/master/images/array4.jpg",
          width     => 640,
        }, "ParsedKeys"),
        start => 36,
        title => "Array",
        titleFile => "Array3",
      }, "ParsedCmd"),
      bless({
        cmd => "photo",
        end => 41,
        index => 4,
        name => "hash",
        parsedKeys => bless({
          cmd       => "photo",
          height    => 480,
          name      => "hash",
          title     => "Hash",
          titleFile => "Hash",
          url       => "https://raw.githubusercontent.com/philiprbrenan/TeamPerl/master/images/hash1.jpg",
          width     => 640,
        }, "ParsedKeys"),
        start => 40,
        title => "Hash",
        titleFile => "Hash",
      }, "ParsedCmd"),
      bless({
        cmd => "fact",
        end => 43,
        index => 14,
        name => "hash",
        parsedKeys => bless({
          cmd => "fact",
          name => "hash",
          title => "Hash sign",
          titleFile => "Hashsign",
        }, "ParsedKeys"),
        start => 43,
        title => "Hash sign",
        titleFile => "Hashsign",
      }, "ParsedCmd"),
      bless({
        cmd => "fact",
        end => 44,
        index => 15,
        name => "hash",
        parsedKeys => bless({
          cmd => "fact",
          name => "hash",
          title => "Curly brackets",
          titleFile => "Curlybrackets",
        }, "ParsedKeys"),
        start => 44,
        title => "Curly brackets",
        titleFile => "Curlybrackets",
      }, "ParsedCmd"),
      bless({
        cmd => "fact",
        end => 45,
        index => 16,
        name => "hash",
        parsedKeys => bless({
          cmd => "fact",
          name => "hash",
          title => "String keys",
          titleFile => "Stringkeys",
        }, "ParsedKeys"),
        start => 45,
        title => "String keys",
        titleFile => "Stringkeys",
      }, "ParsedCmd"),
      bless({
        cmd => "fact",
        end => 46,
        index => 17,
        name => "hash",
        parsedKeys => bless({
          cmd => "fact",
          name => "hash",
          title => "Not ordered",
          titleFile => "Notordered",
        }, "ParsedKeys"),
        start => 46,
        title => "Not ordered",
        titleFile => "Notordered",
      }, "ParsedCmd"),
      bless({
        cmd => "fact",
        end => 47,
        index => 18,
        name => "hash",
        parsedKeys => bless({
          cmd => "fact",
          name => "hash",
          title => "Scalar keys gives number of elements",
          titleFile => "Scalarkeysgivesnumberofelements",
        }, "ParsedKeys"),
        start => 47,
        title => "Scalar keys gives number of elements",
        titleFile => "Scalarkeysgivesnumberofelements",
      }, "ParsedCmd"),
      bless({
        cmd => "fact",
        end => 48,
        index => 19,
        name => "hash",
        parsedKeys => bless({
          cmd => "fact",
          name => "hash",
          title => "Slower than arrays",
          titleFile => "Slowerthanarrays",
        }, "ParsedKeys"),
        start => 48,
        title => "Slower than arrays",
        titleFile => "Slowerthanarrays",
      }, "ParsedCmd"),
      bless({
        cmd => "fact",
        end => 49,
        index => 20,
        name => "hash",
        parsedKeys => bless({
          cmd => "fact",
          name => "hash",
          title => "Slower than scalars",
          titleFile => "Slowerthanscalars1",
        }, "ParsedKeys"),
        start => 49,
        title => "Slower than scalars",
        titleFile => "Slowerthanscalars1",
      }, "ParsedCmd"),
      bless({
        cmd => "fact",
        end => 50,
        index => 21,
        name => "hash",
        parsedKeys => bless({
          cmd => "fact",
          name => "hash",
          title => "Grows automatically",
          titleFile => "Growsautomatically1",
        }, "ParsedKeys"),
        start => 50,
        title => "Grows automatically",
        titleFile => "Growsautomatically1",
      }, "ParsedCmd"),
      bless({
        cmd => "fact",
        end => 51,
        index => 22,
        name => "hash",
        parsedKeys => bless({
          cmd => "fact",
          name => "hash",
          title => "Sort the keys",
          titleFile => "Sortthekeys",
        }, "ParsedKeys"),
        start => 51,
        title => "Sort the keys",
        titleFile => "Sortthekeys",
      }, "ParsedCmd"),
      bless({
        cmd => "fact",
        end => 52,
        index => 23,
        name => "hash",
        parsedKeys => bless({ cmd => "fact", name => "hash", title => "Delete", titleFile => "Delete" }, "ParsedKeys"),
        start => 52,
        title => "Delete",
        titleFile => "Delete",
      }, "ParsedCmd"),
      bless({
        cmd => "photo",
        end => 56,
        index => 5,
        name => "hash",
        parsedKeys => bless({
          cmd       => "photo",
          height    => 480,
          name      => "hash",
          title     => "Hash",
          titleFile => "Hash1",
          url       => "https://raw.githubusercontent.com/philiprbrenan/TeamPerl/master/images/hash2.jpg",
          width     => 640,
        }, "ParsedKeys"),
        start => 55,
        title => "Hash",
        titleFile => "Hash1",
      }, "ParsedCmd"),
      bless({
        cmd => "photo",
        end => 60,
        index => 6,
        name => "hash",
        parsedKeys => bless({
          cmd       => "photo",
          height    => 384,
          name      => "hash",
          title     => "Hash",
          titleFile => "Hash2",
          url       => "https://raw.githubusercontent.com/philiprbrenan/TeamPerl/master/images/hash3.jpg",
          width     => 640,
        }, "ParsedKeys"),
        start => 59,
        title => "Hash",
        titleFile => "Hash2",
      }, "ParsedCmd"),
      bless({
        cmd => "photo",
        end => 64,
        index => 7,
        name => "hash",
        parsedKeys => bless({
          cmd       => "photo",
          height    => 480,
          name      => "hash",
          title     => "Hash",
          titleFile => "Hash3",
          url       => "https://raw.githubusercontent.com/philiprbrenan/TeamPerl/master/images/hash4.jpg",
          width     => 640,
        }, "ParsedKeys"),
        start => 63,
        title => "Hash",
        titleFile => "Hash3",
      }, "ParsedCmd"),
      bless({
        cmd => "photo",
        end => 68,
        index => 8,
        name => "scalar",
        parsedKeys => bless({
          cmd       => "photo",
          height    => 640,
          name      => "scalar",
          title     => "Scalar",
          titleFile => "Scalar",
          url       => "https://raw.githubusercontent.com/philiprbrenan/TeamPerl/master/images/scalar1.jpg",
          width     => 480,
        }, "ParsedKeys"),
        start => 67,
        title => "Scalar",
        titleFile => "Scalar",
      }, "ParsedCmd"),
      bless({
        cmd => "fact",
        end => 70,
        index => 24,
        name => "scalar",
        parsedKeys => bless({
          cmd => "fact",
          name => "scalar",
          title => "Dollar sign",
          titleFile => "Dollarsign",
        }, "ParsedKeys"),
        start => 70,
        title => "Dollar sign",
        titleFile => "Dollarsign",
      }, "ParsedCmd"),
      bless({
        cmd => "fact",
        end => 71,
        index => 25,
        name => "scalar",
        parsedKeys => bless({
          cmd => "fact",
          name => "scalar",
          title => "Just one element at a time",
          titleFile => "Justoneelementatatime",
        }, "ParsedKeys"),
        start => 71,
        title => "Just one element at a time",
        titleFile => "Justoneelementatatime",
      }, "ParsedCmd"),
      bless({
        cmd => "fact",
        end => 72,
        index => 26,
        name => "scalar",
        parsedKeys => bless({
          cmd => "fact",
          name => "scalar",
          title => "No brackets",
          titleFile => "Nobrackets",
        }, "ParsedKeys"),
        start => 72,
        title => "No brackets",
        titleFile => "Nobrackets",
      }, "ParsedCmd"),
      bless({
        cmd => "fact",
        end => 73,
        index => 27,
        name => "scalar",
        parsedKeys => bless({ cmd => "fact", name => "scalar", title => "No keys", titleFile => "Nokeys" }, "ParsedKeys"),
        start => 73,
        title => "No keys",
        titleFile => "Nokeys",
      }, "ParsedCmd"),
      bless({
        cmd => "fact",
        end => 74,
        index => 28,
        name => "scalar",
        parsedKeys => bless({
          cmd => "fact",
          name => "scalar",
          title => "Faster than hashes",
          titleFile => "Fasterthanhashes1",
        }, "ParsedKeys"),
        start => 74,
        title => "Faster than hashes",
        titleFile => "Fasterthanhashes1",
      }, "ParsedCmd"),
      bless({
        cmd => "fact",
        end => 75,
        index => 29,
        name => "scalar",
        parsedKeys => bless({
          cmd => "fact",
          name => "scalar",
          title => "Faster than arrays",
          titleFile => "Fasterthanarrays",
        }, "ParsedKeys"),
        start => 75,
        title => "Faster than arrays",
        titleFile => "Fasterthanarrays",
      }, "ParsedCmd"),
      bless({
        cmd => "fact",
        end => 76,
        index => 30,
        name => "scalar",
        parsedKeys => bless({
          cmd => "fact",
          name => "scalar",
          title => "Can be set to undef",
          titleFile => "Canbesettoundef",
        }, "ParsedKeys"),
        start => 76,
        title => "Can be set to undef",
        titleFile => "Canbesettoundef",
      }, "ParsedCmd"),
      bless({
        cmd => "photo",
        end => 80,
        index => 9,
        name => "scalar",
        parsedKeys => bless({
          cmd       => "photo",
          height    => 472,
          name      => "scalar",
          title     => "Scalar",
          titleFile => "Scalar1",
          url       => "https://raw.githubusercontent.com/philiprbrenan/TeamPerl/master/images/scalar2.jpg",
          width     => 640,
        }, "ParsedKeys"),
        start => 79,
        title => "Scalar",
        titleFile => "Scalar1",
      }, "ParsedCmd"),
      bless({
        cmd => "photoFact",
        name => 0,
        parsedKeys => bless({ cmd => "photoFact", name => 0, title => 0 }, "ParsedKeys"),
        title => 0,
        titleFile => undef,
      }, "ParsedCmd"),
      bless({
        cmd => "photoFact",
        name => 0,
        parsedKeys => bless({ cmd => "photoFact", name => 0, title => 1 }, "ParsedKeys"),
        title => 1,
        titleFile => undef,
      }, "ParsedCmd"),
      bless({
        cmd => "photoFact",
        name => 0,
        parsedKeys => bless({ cmd => "photoFact", name => 0, title => 2 }, "ParsedKeys"),
        title => 2,
        titleFile => undef,
      }, "ParsedCmd"),
      bless({
        cmd => "photoFact",
        name => 0,
        parsedKeys => bless({ cmd => "photoFact", name => 0, title => 3 }, "ParsedKeys"),
        title => 3,
        titleFile => undef,
      }, "ParsedCmd"),
      bless({
        cmd => "photoFact",
        name => 0,
        parsedKeys => bless({ cmd => "photoFact", name => 0, title => 4 }, "ParsedKeys"),
        title => 4,
        titleFile => undef,
      }, "ParsedCmd"),
      bless({
        cmd => "photoFact",
        name => 0,
        parsedKeys => bless({ cmd => "photoFact", name => 0, title => 5 }, "ParsedKeys"),
        title => 5,
        titleFile => undef,
      }, "ParsedCmd"),
      bless({
        cmd => "photoFact",
        name => 0,
        parsedKeys => bless({ cmd => "photoFact", name => 0, title => 6 }, "ParsedKeys"),
        title => 6,
        titleFile => undef,
      }, "ParsedCmd"),
      bless({
        cmd => "photoFact",
        name => 0,
        parsedKeys => bless({ cmd => "photoFact", name => 0, title => 7 }, "ParsedKeys"),
        title => 7,
        titleFile => undef,
      }, "ParsedCmd"),
      bless({
        cmd => "photoFact",
        name => 0,
        parsedKeys => bless({ cmd => "photoFact", name => 0, title => 8 }, "ParsedKeys"),
        title => 8,
        titleFile => undef,
      }, "ParsedCmd"),
      bless({
        cmd => "photoFact",
        name => 0,
        parsedKeys => bless({ cmd => "photoFact", name => 0, title => 9 }, "ParsedKeys"),
        title => 9,
        titleFile => undef,
      }, "ParsedCmd"),
      bless({
        cmd => "photoFact",
        name => 0,
        parsedKeys => bless({ cmd => "photoFact", name => 0, title => 10 }, "ParsedKeys"),
        title => 10,
        titleFile => undef,
      }, "ParsedCmd"),
      bless({
        cmd => "photoFact",
        name => 0,
        parsedKeys => bless({ cmd => "photoFact", name => 0, title => 11 }, "ParsedKeys"),
        title => 11,
        titleFile => undef,
      }, "ParsedCmd"),
      bless({
        cmd => "photoFact",
        name => 0,
        parsedKeys => bless({ cmd => "photoFact", name => 0, title => 12 }, "ParsedKeys"),
        title => 12,
        titleFile => undef,
      }, "ParsedCmd"),
      bless({
        cmd => "photoFact",
        name => 0,
        parsedKeys => bless({ cmd => "photoFact", name => 0, title => 13 }, "ParsedKeys"),
        title => 13,
        titleFile => undef,
      }, "ParsedCmd"),
      bless({
        cmd => "photoFact",
        name => 1,
        parsedKeys => bless({ cmd => "photoFact", name => 1, title => 0 }, "ParsedKeys"),
        title => 0,
        titleFile => undef,
      }, "ParsedCmd"),
      bless({
        cmd => "photoFact",
        name => 1,
        parsedKeys => bless({ cmd => "photoFact", name => 1, title => 1 }, "ParsedKeys"),
        title => 1,
        titleFile => undef,
      }, "ParsedCmd"),
      bless({
        cmd => "photoFact",
        name => 1,
        parsedKeys => bless({ cmd => "photoFact", name => 1, title => 2 }, "ParsedKeys"),
        title => 2,
        titleFile => undef,
      }, "ParsedCmd"),
      bless({
        cmd => "photoFact",
        name => 1,
        parsedKeys => bless({ cmd => "photoFact", name => 1, title => 3 }, "ParsedKeys"),
        title => 3,
        titleFile => undef,
      }, "ParsedCmd"),
      bless({
        cmd => "photoFact",
        name => 1,
        parsedKeys => bless({ cmd => "photoFact", name => 1, title => 4 }, "ParsedKeys"),
        title => 4,
        titleFile => undef,
      }, "ParsedCmd"),
      bless({
        cmd => "photoFact",
        name => 1,
        parsedKeys => bless({ cmd => "photoFact", name => 1, title => 5 }, "ParsedKeys"),
        title => 5,
        titleFile => undef,
      }, "ParsedCmd"),
      bless({
        cmd => "photoFact",
        name => 1,
        parsedKeys => bless({ cmd => "photoFact", name => 1, title => 6 }, "ParsedKeys"),
        title => 6,
        titleFile => undef,
      }, "ParsedCmd"),
      bless({
        cmd => "photoFact",
        name => 1,
        parsedKeys => bless({ cmd => "photoFact", name => 1, title => 7 }, "ParsedKeys"),
        title => 7,
        titleFile => undef,
      }, "ParsedCmd"),
      bless({
        cmd => "photoFact",
        name => 1,
        parsedKeys => bless({ cmd => "photoFact", name => 1, title => 8 }, "ParsedKeys"),
        title => 8,
        titleFile => undef,
      }, "ParsedCmd"),
      bless({
        cmd => "photoFact",
        name => 1,
        parsedKeys => bless({ cmd => "photoFact", name => 1, title => 9 }, "ParsedKeys"),
        title => 9,
        titleFile => undef,
      }, "ParsedCmd"),
      bless({
        cmd => "photoFact",
        name => 1,
        parsedKeys => bless({ cmd => "photoFact", name => 1, title => 10 }, "ParsedKeys"),
        title => 10,
        titleFile => undef,
      }, "ParsedCmd"),
      bless({
        cmd => "photoFact",
        name => 1,
        parsedKeys => bless({ cmd => "photoFact", name => 1, title => 11 }, "ParsedKeys"),
        title => 11,
        titleFile => undef,
      }, "ParsedCmd"),
      bless({
        cmd => "photoFact",
        name => 1,
        parsedKeys => bless({ cmd => "photoFact", name => 1, title => 12 }, "ParsedKeys"),
        title => 12,
        titleFile => undef,
      }, "ParsedCmd"),
      bless({
        cmd => "photoFact",
        name => 1,
        parsedKeys => bless({ cmd => "photoFact", name => 1, title => 13 }, "ParsedKeys"),
        title => 13,
        titleFile => undef,
      }, "ParsedCmd"),
      bless({
        cmd => "photoFact",
        name => 2,
        parsedKeys => bless({ cmd => "photoFact", name => 2, title => 0 }, "ParsedKeys"),
        title => 0,
        titleFile => undef,
      }, "ParsedCmd"),
      bless({
        cmd => "photoFact",
        name => 2,
        parsedKeys => bless({ cmd => "photoFact", name => 2, title => 1 }, "ParsedKeys"),
        title => 1,
        titleFile => undef,
      }, "ParsedCmd"),
      bless({
        cmd => "photoFact",
        name => 2,
        parsedKeys => bless({ cmd => "photoFact", name => 2, title => 2 }, "ParsedKeys"),
        title => 2,
        titleFile => undef,
      }, "ParsedCmd"),
      bless({
        cmd => "photoFact",
        name => 2,
        parsedKeys => bless({ cmd => "photoFact", name => 2, title => 3 }, "ParsedKeys"),
        title => 3,
        titleFile => undef,
      }, "ParsedCmd"),
      bless({
        cmd => "photoFact",
        name => 2,
        parsedKeys => bless({ cmd => "photoFact", name => 2, title => 4 }, "ParsedKeys"),
        title => 4,
        titleFile => undef,
      }, "ParsedCmd"),
      bless({
        cmd => "photoFact",
        name => 2,
        parsedKeys => bless({ cmd => "photoFact", name => 2, title => 5 }, "ParsedKeys"),
        title => 5,
        titleFile => undef,
      }, "ParsedCmd"),
      bless({
        cmd => "photoFact",
        name => 2,
        parsedKeys => bless({ cmd => "photoFact", name => 2, title => 6 }, "ParsedKeys"),
        title => 6,
        titleFile => undef,
      }, "ParsedCmd"),
      bless({
        cmd => "photoFact",
        name => 2,
        parsedKeys => bless({ cmd => "photoFact", name => 2, title => 7 }, "ParsedKeys"),
        title => 7,
        titleFile => undef,
      }, "ParsedCmd"),
      bless({
        cmd => "photoFact",
        name => 2,
        parsedKeys => bless({ cmd => "photoFact", name => 2, title => 8 }, "ParsedKeys"),
        title => 8,
        titleFile => undef,
      }, "ParsedCmd"),
      bless({
        cmd => "photoFact",
        name => 2,
        parsedKeys => bless({ cmd => "photoFact", name => 2, title => 9 }, "ParsedKeys"),
        title => 9,
        titleFile => undef,
      }, "ParsedCmd"),
      bless({
        cmd => "photoFact",
        name => 2,
        parsedKeys => bless({ cmd => "photoFact", name => 2, title => 10 }, "ParsedKeys"),
        title => 10,
        titleFile => undef,
      }, "ParsedCmd"),
      bless({
        cmd => "photoFact",
        name => 2,
        parsedKeys => bless({ cmd => "photoFact", name => 2, title => 11 }, "ParsedKeys"),
        title => 11,
        titleFile => undef,
      }, "ParsedCmd"),
      bless({
        cmd => "photoFact",
        name => 2,
        parsedKeys => bless({ cmd => "photoFact", name => 2, title => 12 }, "ParsedKeys"),
        title => 12,
        titleFile => undef,
      }, "ParsedCmd"),
      bless({
        cmd => "photoFact",
        name => 2,
        parsedKeys => bless({ cmd => "photoFact", name => 2, title => 13 }, "ParsedKeys"),
        title => 13,
        titleFile => undef,
      }, "ParsedCmd"),
      bless({
        cmd => "photoFact",
        name => 3,
        parsedKeys => bless({ cmd => "photoFact", name => 3, title => 0 }, "ParsedKeys"),
        title => 0,
        titleFile => undef,
      }, "ParsedCmd"),
      bless({
        cmd => "photoFact",
        name => 3,
        parsedKeys => bless({ cmd => "photoFact", name => 3, title => 1 }, "ParsedKeys"),
        title => 1,
        titleFile => undef,
      }, "ParsedCmd"),
      bless({
        cmd => "photoFact",
        name => 3,
        parsedKeys => bless({ cmd => "photoFact", name => 3, title => 2 }, "ParsedKeys"),
        title => 2,
        titleFile => undef,
      }, "ParsedCmd"),
      bless({
        cmd => "photoFact",
        name => 3,
        parsedKeys => bless({ cmd => "photoFact", name => 3, title => 3 }, "ParsedKeys"),
        title => 3,
        titleFile => undef,
      }, "ParsedCmd"),
      bless({
        cmd => "photoFact",
        name => 3,
        parsedKeys => bless({ cmd => "photoFact", name => 3, title => 4 }, "ParsedKeys"),
        title => 4,
        titleFile => undef,
      }, "ParsedCmd"),
      bless({
        cmd => "photoFact",
        name => 3,
        parsedKeys => bless({ cmd => "photoFact", name => 3, title => 5 }, "ParsedKeys"),
        title => 5,
        titleFile => undef,
      }, "ParsedCmd"),
      bless({
        cmd => "photoFact",
        name => 3,
        parsedKeys => bless({ cmd => "photoFact", name => 3, title => 6 }, "ParsedKeys"),
        title => 6,
        titleFile => undef,
      }, "ParsedCmd"),
      bless({
        cmd => "photoFact",
        name => 3,
        parsedKeys => bless({ cmd => "photoFact", name => 3, title => 7 }, "ParsedKeys"),
        title => 7,
        titleFile => undef,
      }, "ParsedCmd"),
      bless({
        cmd => "photoFact",
        name => 3,
        parsedKeys => bless({ cmd => "photoFact", name => 3, title => 8 }, "ParsedKeys"),
        title => 8,
        titleFile => undef,
      }, "ParsedCmd"),
      bless({
        cmd => "photoFact",
        name => 3,
        parsedKeys => bless({ cmd => "photoFact", name => 3, title => 9 }, "ParsedKeys"),
        title => 9,
        titleFile => undef,
      }, "ParsedCmd"),
      bless({
        cmd => "photoFact",
        name => 3,
        parsedKeys => bless({ cmd => "photoFact", name => 3, title => 10 }, "ParsedKeys"),
        title => 10,
        titleFile => undef,
      }, "ParsedCmd"),
      bless({
        cmd => "photoFact",
        name => 3,
        parsedKeys => bless({ cmd => "photoFact", name => 3, title => 11 }, "ParsedKeys"),
        title => 11,
        titleFile => undef,
      }, "ParsedCmd"),
      bless({
        cmd => "photoFact",
        name => 3,
        parsedKeys => bless({ cmd => "photoFact", name => 3, title => 12 }, "ParsedKeys"),
        title => 12,
        titleFile => undef,
      }, "ParsedCmd"),
      bless({
        cmd => "photoFact",
        name => 3,
        parsedKeys => bless({ cmd => "photoFact", name => 3, title => 13 }, "ParsedKeys"),
        title => 13,
        titleFile => undef,
      }, "ParsedCmd"),
      bless({
        cmd => "photoFact",
        name => 4,
        parsedKeys => bless({ cmd => "photoFact", name => 4, title => 14 }, "ParsedKeys"),
        title => 14,
        titleFile => undef,
      }, "ParsedCmd"),
      bless({
        cmd => "photoFact",
        name => 4,
        parsedKeys => bless({ cmd => "photoFact", name => 4, title => 15 }, "ParsedKeys"),
        title => 15,
        titleFile => undef,
      }, "ParsedCmd"),
      bless({
        cmd => "photoFact",
        name => 4,
        parsedKeys => bless({ cmd => "photoFact", name => 4, title => 16 }, "ParsedKeys"),
        title => 16,
        titleFile => undef,
      }, "ParsedCmd"),
      bless({
        cmd => "photoFact",
        name => 4,
        parsedKeys => bless({ cmd => "photoFact", name => 4, title => 17 }, "ParsedKeys"),
        title => 17,
        titleFile => undef,
      }, "ParsedCmd"),
      bless({
        cmd => "photoFact",
        name => 4,
        parsedKeys => bless({ cmd => "photoFact", name => 4, title => 18 }, "ParsedKeys"),
        title => 18,
        titleFile => undef,
      }, "ParsedCmd"),
      bless({
        cmd => "photoFact",
        name => 4,
        parsedKeys => bless({ cmd => "photoFact", name => 4, title => 19 }, "ParsedKeys"),
        title => 19,
        titleFile => undef,
      }, "ParsedCmd"),
      bless({
        cmd => "photoFact",
        name => 4,
        parsedKeys => bless({ cmd => "photoFact", name => 4, title => 20 }, "ParsedKeys"),
        title => 20,
        titleFile => undef,
      }, "ParsedCmd"),
      bless({
        cmd => "photoFact",
        name => 4,
        parsedKeys => bless({ cmd => "photoFact", name => 4, title => 21 }, "ParsedKeys"),
        title => 21,
        titleFile => undef,
      }, "ParsedCmd"),
      bless({
        cmd => "photoFact",
        name => 4,
        parsedKeys => bless({ cmd => "photoFact", name => 4, title => 22 }, "ParsedKeys"),
        title => 22,
        titleFile => undef,
      }, "ParsedCmd"),
      bless({
        cmd => "photoFact",
        name => 4,
        parsedKeys => bless({ cmd => "photoFact", name => 4, title => 23 }, "ParsedKeys"),
        title => 23,
        titleFile => undef,
      }, "ParsedCmd"),
      bless({
        cmd => "photoFact",
        name => 5,
        parsedKeys => bless({ cmd => "photoFact", name => 5, title => 14 }, "ParsedKeys"),
        title => 14,
        titleFile => undef,
      }, "ParsedCmd"),
      bless({
        cmd => "photoFact",
        name => 5,
        parsedKeys => bless({ cmd => "photoFact", name => 5, title => 15 }, "ParsedKeys"),
        title => 15,
        titleFile => undef,
      }, "ParsedCmd"),
      bless({
        cmd => "photoFact",
        name => 5,
        parsedKeys => bless({ cmd => "photoFact", name => 5, title => 16 }, "ParsedKeys"),
        title => 16,
        titleFile => undef,
      }, "ParsedCmd"),
      bless({
        cmd => "photoFact",
        name => 5,
        parsedKeys => bless({ cmd => "photoFact", name => 5, title => 17 }, "ParsedKeys"),
        title => 17,
        titleFile => undef,
      }, "ParsedCmd"),
      bless({
        cmd => "photoFact",
        name => 5,
        parsedKeys => bless({ cmd => "photoFact", name => 5, title => 18 }, "ParsedKeys"),
        title => 18,
        titleFile => undef,
      }, "ParsedCmd"),
      bless({
        cmd => "photoFact",
        name => 5,
        parsedKeys => bless({ cmd => "photoFact", name => 5, title => 19 }, "ParsedKeys"),
        title => 19,
        titleFile => undef,
      }, "ParsedCmd"),
      bless({
        cmd => "photoFact",
        name => 5,
        parsedKeys => bless({ cmd => "photoFact", name => 5, title => 20 }, "ParsedKeys"),
        title => 20,
        titleFile => undef,
      }, "ParsedCmd"),
      bless({
        cmd => "photoFact",
        name => 5,
        parsedKeys => bless({ cmd => "photoFact", name => 5, title => 21 }, "ParsedKeys"),
        title => 21,
        titleFile => undef,
      }, "ParsedCmd"),
      bless({
        cmd => "photoFact",
        name => 5,
        parsedKeys => bless({ cmd => "photoFact", name => 5, title => 22 }, "ParsedKeys"),
        title => 22,
        titleFile => undef,
      }, "ParsedCmd"),
      bless({
        cmd => "photoFact",
        name => 5,
        parsedKeys => bless({ cmd => "photoFact", name => 5, title => 23 }, "ParsedKeys"),
        title => 23,
        titleFile => undef,
      }, "ParsedCmd"),
      bless({
        cmd => "photoFact",
        name => 6,
        parsedKeys => bless({ cmd => "photoFact", name => 6, title => 14 }, "ParsedKeys"),
        title => 14,
        titleFile => undef,
      }, "ParsedCmd"),
      bless({
        cmd => "photoFact",
        name => 6,
        parsedKeys => bless({ cmd => "photoFact", name => 6, title => 15 }, "ParsedKeys"),
        title => 15,
        titleFile => undef,
      }, "ParsedCmd"),
      bless({
        cmd => "photoFact",
        name => 6,
        parsedKeys => bless({ cmd => "photoFact", name => 6, title => 16 }, "ParsedKeys"),
        title => 16,
        titleFile => undef,
      }, "ParsedCmd"),
      bless({
        cmd => "photoFact",
        name => 6,
        parsedKeys => bless({ cmd => "photoFact", name => 6, title => 17 }, "ParsedKeys"),
        title => 17,
        titleFile => undef,
      }, "ParsedCmd"),
      bless({
        cmd => "photoFact",
        name => 6,
        parsedKeys => bless({ cmd => "photoFact", name => 6, title => 18 }, "ParsedKeys"),
        title => 18,
        titleFile => undef,
      }, "ParsedCmd"),
      bless({
        cmd => "photoFact",
        name => 6,
        parsedKeys => bless({ cmd => "photoFact", name => 6, title => 19 }, "ParsedKeys"),
        title => 19,
        titleFile => undef,
      }, "ParsedCmd"),
      bless({
        cmd => "photoFact",
        name => 6,
        parsedKeys => bless({ cmd => "photoFact", name => 6, title => 20 }, "ParsedKeys"),
        title => 20,
        titleFile => undef,
      }, "ParsedCmd"),
      bless({
        cmd => "photoFact",
        name => 6,
        parsedKeys => bless({ cmd => "photoFact", name => 6, title => 21 }, "ParsedKeys"),
        title => 21,
        titleFile => undef,
      }, "ParsedCmd"),
      bless({
        cmd => "photoFact",
        name => 6,
        parsedKeys => bless({ cmd => "photoFact", name => 6, title => 22 }, "ParsedKeys"),
        title => 22,
        titleFile => undef,
      }, "ParsedCmd"),
      bless({
        cmd => "photoFact",
        name => 6,
        parsedKeys => bless({ cmd => "photoFact", name => 6, title => 23 }, "ParsedKeys"),
        title => 23,
        titleFile => undef,
      }, "ParsedCmd"),
      bless({
        cmd => "photoFact",
        name => 7,
        parsedKeys => bless({ cmd => "photoFact", name => 7, title => 14 }, "ParsedKeys"),
        title => 14,
        titleFile => undef,
      }, "ParsedCmd"),
      bless({
        cmd => "photoFact",
        name => 7,
        parsedKeys => bless({ cmd => "photoFact", name => 7, title => 15 }, "ParsedKeys"),
        title => 15,
        titleFile => undef,
      }, "ParsedCmd"),
      bless({
        cmd => "photoFact",
        name => 7,
        parsedKeys => bless({ cmd => "photoFact", name => 7, title => 16 }, "ParsedKeys"),
        title => 16,
        titleFile => undef,
      }, "ParsedCmd"),
      bless({
        cmd => "photoFact",
        name => 7,
        parsedKeys => bless({ cmd => "photoFact", name => 7, title => 17 }, "ParsedKeys"),
        title => 17,
        titleFile => undef,
      }, "ParsedCmd"),
      bless({
        cmd => "photoFact",
        name => 7,
        parsedKeys => bless({ cmd => "photoFact", name => 7, title => 18 }, "ParsedKeys"),
        title => 18,
        titleFile => undef,
      }, "ParsedCmd"),
      bless({
        cmd => "photoFact",
        name => 7,
        parsedKeys => bless({ cmd => "photoFact", name => 7, title => 19 }, "ParsedKeys"),
        title => 19,
        titleFile => undef,
      }, "ParsedCmd"),
      bless({
        cmd => "photoFact",
        name => 7,
        parsedKeys => bless({ cmd => "photoFact", name => 7, title => 20 }, "ParsedKeys"),
        title => 20,
        titleFile => undef,
      }, "ParsedCmd"),
      bless({
        cmd => "photoFact",
        name => 7,
        parsedKeys => bless({ cmd => "photoFact", name => 7, title => 21 }, "ParsedKeys"),
        title => 21,
        titleFile => undef,
      }, "ParsedCmd"),
      bless({
        cmd => "photoFact",
        name => 7,
        parsedKeys => bless({ cmd => "photoFact", name => 7, title => 22 }, "ParsedKeys"),
        title => 22,
        titleFile => undef,
      }, "ParsedCmd"),
      bless({
        cmd => "photoFact",
        name => 7,
        parsedKeys => bless({ cmd => "photoFact", name => 7, title => 23 }, "ParsedKeys"),
        title => 23,
        titleFile => undef,
      }, "ParsedCmd"),
      bless({
        cmd => "photoFact",
        name => 8,
        parsedKeys => bless({ cmd => "photoFact", name => 8, title => 24 }, "ParsedKeys"),
        title => 24,
        titleFile => undef,
      }, "ParsedCmd"),
      bless({
        cmd => "photoFact",
        name => 8,
        parsedKeys => bless({ cmd => "photoFact", name => 8, title => 25 }, "ParsedKeys"),
        title => 25,
        titleFile => undef,
      }, "ParsedCmd"),
      bless({
        cmd => "photoFact",
        name => 8,
        parsedKeys => bless({ cmd => "photoFact", name => 8, title => 26 }, "ParsedKeys"),
        title => 26,
        titleFile => undef,
      }, "ParsedCmd"),
      bless({
        cmd => "photoFact",
        name => 8,
        parsedKeys => bless({ cmd => "photoFact", name => 8, title => 27 }, "ParsedKeys"),
        title => 27,
        titleFile => undef,
      }, "ParsedCmd"),
      bless({
        cmd => "photoFact",
        name => 8,
        parsedKeys => bless({ cmd => "photoFact", name => 8, title => 28 }, "ParsedKeys"),
        title => 28,
        titleFile => undef,
      }, "ParsedCmd"),
      bless({
        cmd => "photoFact",
        name => 8,
        parsedKeys => bless({ cmd => "photoFact", name => 8, title => 29 }, "ParsedKeys"),
        title => 29,
        titleFile => undef,
      }, "ParsedCmd"),
      bless({
        cmd => "photoFact",
        name => 8,
        parsedKeys => bless({ cmd => "photoFact", name => 8, title => 30 }, "ParsedKeys"),
        title => 30,
        titleFile => undef,
      }, "ParsedCmd"),
      bless({
        cmd => "photoFact",
        name => 9,
        parsedKeys => bless({ cmd => "photoFact", name => 9, title => 24 }, "ParsedKeys"),
        title => 24,
        titleFile => undef,
      }, "ParsedCmd"),
      bless({
        cmd => "photoFact",
        name => 9,
        parsedKeys => bless({ cmd => "photoFact", name => 9, title => 25 }, "ParsedKeys"),
        title => 25,
        titleFile => undef,
      }, "ParsedCmd"),
      bless({
        cmd => "photoFact",
        name => 9,
        parsedKeys => bless({ cmd => "photoFact", name => 9, title => 26 }, "ParsedKeys"),
        title => 26,
        titleFile => undef,
      }, "ParsedCmd"),
      bless({
        cmd => "photoFact",
        name => 9,
        parsedKeys => bless({ cmd => "photoFact", name => 9, title => 27 }, "ParsedKeys"),
        title => 27,
        titleFile => undef,
      }, "ParsedCmd"),
      bless({
        cmd => "photoFact",
        name => 9,
        parsedKeys => bless({ cmd => "photoFact", name => 9, title => 28 }, "ParsedKeys"),
        title => 28,
        titleFile => undef,
      }, "ParsedCmd"),
      bless({
        cmd => "photoFact",
        name => 9,
        parsedKeys => bless({ cmd => "photoFact", name => 9, title => 29 }, "ParsedKeys"),
        title => 29,
        titleFile => undef,
      }, "ParsedCmd"),
      bless({
        cmd => "photoFact",
        name => 9,
        parsedKeys => bless({ cmd => "photoFact", name => 9, title => 30 }, "ParsedKeys"),
        title => 30,
        titleFile => undef,
      }, "ParsedCmd"),
    ],
    source => "app TeamPerl= Learning Perl on GitHub\n  maximages = 6\n  icon      = https://avatars1.githubusercontent.com/u/7548378?v=4\n  author    = philiprbrenan\n  email     = philiprbrenan\@gmail.com\n\n\n# Details of photo array1\nphoto array = Array\n  url = https://raw.githubusercontent.com/philiprbrenan/TeamPerl/master/images/array1.jpg\n\nfact array = At sign\nfact array = Square brackets\nfact array = Integer keys\nfact array = Ordered keys\nfact array = Faster than hashes\nfact array = Slower than scalars\nfact array = Count up from zero\nfact array = Count down from minus one\nfact array = Scalar gives number of elements\nfact array = Grows automatically\nfact array = Push\nfact array = Pop\nfact array = Shift\nfact array = Unshift\n\n# Details of photo array2\nphoto array = Array\n  url = https://raw.githubusercontent.com/philiprbrenan/TeamPerl/master/images/array2.png\n\n# Details of photo array3\nphoto array = Array\n  url = https://raw.githubusercontent.com/philiprbrenan/TeamPerl/master/images/array3.jpg\n\n# Details of photo array4\nphoto array = Array\n  url = https://raw.githubusercontent.com/philiprbrenan/TeamPerl/master/images/array4.jpg\n\n# Details of photo hash1\nphoto hash = Hash\n  url = https://raw.githubusercontent.com/philiprbrenan/TeamPerl/master/images/hash1.jpg\n\nfact hash = Hash sign\nfact hash = Curly brackets\nfact hash = String keys\nfact hash = Not ordered\nfact hash = Scalar keys gives number of elements\nfact hash = Slower than arrays\nfact hash = Slower than scalars\nfact hash = Grows automatically\nfact hash = Sort the keys\nfact hash = Delete\n\n# Details of photo hash2\nphoto hash = Hash\n  url = https://raw.githubusercontent.com/philiprbrenan/TeamPerl/master/images/hash2.jpg\n\n# Details of photo hash3\nphoto hash = Hash\n  url = https://raw.githubusercontent.com/philiprbrenan/TeamPerl/master/images/hash3.jpg\n\n# Details of photo hash4\nphoto hash = Hash\n  url = https://raw.githubusercontent.com/philiprbrenan/TeamPerl/master/images/hash4.jpg\n\n# Details of photo scalar1\nphoto scalar = Scalar\n  url = https://raw.githubusercontent.com/philiprbrenan/TeamPerl/master/images/scalar1.jpg\n\nfact scalar = Dollar sign\nfact scalar = Just one element at a time\nfact scalar = No brackets\nfact scalar = No keys\nfact scalar = Faster than hashes\nfact scalar = Faster than arrays\nfact scalar = Can be set to undef\n\n# Details of photo scalar2\nphoto scalar = Scalar\n  url = https://raw.githubusercontent.com/philiprbrenan/TeamPerl/master/images/scalar2.jpg\n",
    sourceFileSha => "2df635e7b516fdd426214126c1a6231e7c0a2db6",
    step => "completed",
  }, "Manifest");
  $a->{parsedCmds}[0] = $a->{app};
  $a;
}